<?xml version="1.0" encoding="UTF-8"?>
<!-- Generated by org.testng.reporters.JUnitReportReporter -->
<testsuite hostname="EC2AMAZ-EC8CRPV" failures="0" tests="1" name="demo.TestNGIgnoreTestDemo" time="0.009" errors="0" timestamp="2021-11-21T11:59:35 GMT" skipped="0">
  <testcase classname="demo.TestNGIgnoreTestDemo" name="test2" time="0.009"/>
  <system-out/>
</testsuite> <!-- demo.TestNGIgnoreTestDemo -->
