<?xml version="1.0" encoding="UTF-8"?>
<!-- Generated by org.testng.reporters.JUnitReportReporter -->
<testsuite hostname="EC2AMAZ-EC8CRPV" failures="0" tests="1" name="test.GoogleSearchPageTest2" time="2.402" errors="0" timestamp="2021-11-24T10:24:29 GMT" skipped="0">
  <testcase classname="test.GoogleSearchPageTest2" name="googleSearchTest" time="2.402"/>
  <system-out/>
</testsuite> <!-- test.GoogleSearchPageTest2 -->
