<?xml version="1.0" encoding="UTF-8"?>
<!-- Generated by org.testng.reporters.JUnitReportReporter -->
<testsuite hostname="EC2AMAZ-EC8CRPV" failures="0" tests="3" name="demo.TestNGPriorityDemo" time="0.013" errors="0" timestamp="2021-11-11T22:52:03 GMT" skipped="0">
  <testcase classname="demo.TestNGPriorityDemo" name="two" time="0.010"/>
  <system-out/>
  <testcase classname="demo.TestNGPriorityDemo" name="three" time="0.002"/>
  <system-out/>
  <testcase classname="demo.TestNGPriorityDemo" name="one" time="0.001"/>
  <system-out/>
</testsuite> <!-- demo.TestNGPriorityDemo -->
