<?xml version="1.0" encoding="UTF-8"?>
<!-- Generated by org.testng.reporters.JUnitReportReporter -->
<testsuite hostname="EC2AMAZ-EC8CRPV" failures="0" tests="3" name="demo.TestNGDependencyDemo" time="0.015" errors="0" timestamp="2021-11-12T01:05:02 GMT" skipped="0">
  <testcase classname="demo.TestNGDependencyDemo" name="test1" time="0.002"/>
  <system-out/>
  <testcase classname="demo.TestNGDependencyDemo" name="test2" time="0.010"/>
  <system-out/>
  <testcase classname="demo.TestNGDependencyDemo" name="test3" time="0.003"/>
  <system-out/>
</testsuite> <!-- demo.TestNGDependencyDemo -->
