<?xml version="1.0" encoding="UTF-8"?>
<!-- Generated by org.testng.reporters.JUnitReportReporter -->
<testsuite hostname="EC2AMAZ-EC8CRPV" failures="0" tests="1" name="demo.TestNGParametersDemo" time="0.008" errors="0" timestamp="2021-11-12T00:41:14 GMT" skipped="0">
  <testcase classname="demo.TestNGParametersDemo" name="test" time="0.008"/>
  <system-out/>
</testsuite> <!-- demo.TestNGParametersDemo -->
