<?xml version="1.0" encoding="UTF-8"?>
<!-- Generated by org.testng.reporters.JUnitReportReporter -->
<testsuite hostname="EC2AMAZ-EC8CRPV" failures="0" tests="2" name="test.ExtentReportsWithTestNG" time="0.028" errors="0" timestamp="2021-11-11T01:17:55 GMT" skipped="0">
  <testcase classname="test.ExtentReportsWithTestNG" name="test2" time="0.004"/>
  <system-out/>
  <testcase classname="test.ExtentReportsWithTestNG" name="test" time="0.024"/>
  <system-out/>
</testsuite> <!-- test.ExtentReportsWithTestNG -->
