<?xml version="1.0" encoding="UTF-8"?>
<!-- Generated by org.testng.reporters.JUnitReportReporter -->
<testsuite hostname="EC2AMAZ-EC8CRPV" failures="0" tests="2" name="utils.ExcelDataProvider" time="0.011" errors="0" timestamp="2021-11-23T01:50:07 GMT" skipped="0">
  <testcase classname="utils.ExcelDataProvider" name="loginTest" time="0.008"/>
  <system-out/>
  <testcase classname="utils.ExcelDataProvider" name="loginTest" time="0.003"/>
  <system-out/>
</testsuite> <!-- utils.ExcelDataProvider -->
