<?xml version="1.0" encoding="UTF-8"?>
<!-- Generated by org.testng.reporters.JUnitReportReporter -->
<testsuite hostname="EC2AMAZ-EC8CRPV" failures="0" tests="4" name="demo.TestNGGroupsDemo" time="0.014" errors="0" timestamp="2021-11-12T01:02:14 GMT" skipped="0">
  <testcase classname="demo.TestNGGroupsDemo" name="three" time="0.002"/>
  <system-out/>
  <testcase classname="demo.TestNGGroupsDemo" name="one" time="0.008"/>
  <system-out/>
  <testcase classname="demo.TestNGGroupsDemo" name="four" time="0.002"/>
  <system-out/>
  <testcase classname="demo.TestNGGroupsDemo" name="two" time="0.002"/>
  <system-out/>
</testsuite> <!-- demo.TestNGGroupsDemo -->
