<?xml version="1.0" encoding="UTF-8"?>
<!-- Generated by org.testng.reporters.JUnitReportReporter -->
<testsuite hostname="EC2AMAZ-EC8CRPV" failures="0" tests="1" name="test.GoogleSearchPageTest3" time="2.807" errors="0" timestamp="2021-11-12T00:06:39 GMT" skipped="0">
  <testcase classname="test.GoogleSearchPageTest3" name="googleSearchTest" time="2.807"/>
  <system-out/>
</testsuite> <!-- test.GoogleSearchPageTest3 -->
